2067.28
862.88
527.18
931.35
873.03
0.00
1153.10
732.71
633.28
1224.28
1456.56
556.34
914.10
0.00
1448.39
0.00
1748.43
3584.28
1161.44
1276.65
879.88
3007.61
1941.68
0.00
0.00
1570.95
1612.50
938.07
0.00
1030.17
1306.38
365.34
934.17
225.32
0.00
1740.31
1842.64
1693.25
0.00
693.09
0.00
367.05
2710.62
1759.76
776.98
79.55
169.36
1636.42
3372.75
2040.39
0.00
593.82
672.33
1599.83
556.77
2150.09
2004.32
1159.83
2162.03
1288.26
1782.40
1653.17
0.00
0.00
0.00
2354.81
2071.74
3414.86
379.99
1803.38
257.44
1063.75
2508.18
2535.77
0.00
297.25
598.63
3788.57
1721.20
3822.14
100.88
880.22
2633.85
0.00
3291.85
1455.02
0.00
0.00
1680.67
705.64
0.00
1128.28
0.00
3151.33
1568.10
0.00
294.32
1849.33
102.24
925.16
1150.23
1354.58
2573.67
727.82
26.45
1447.73
467.07
1836.60
1373.43
0.00
527.44
735.53
1011.46
538.89
2782.30
0.00
0.00
1167.38
1800.49
987.44
995.30
0.00
250.45
3068.91
0.00
0.00
139.10
0.00
242.02
1077.24
1125.72
1789.81
2969.86
1620.57
0.00
951.33
95.50
677.59
0.00
1148.48
2594.14
0.00
2414.36
2938.67
542.32
2217.67
1447.53
516.90
513.28
0.00
1659.38
0.00
491.02
0.00
1461.57
578.35
1814.17
439.52
684.94
1314.80
1916.86
3070.32
1983.43
1150.82
530.22
683.25
496.34
756.66
1883.11
2874.59
0.00
54.24
0.00
2641.36
0.00
922.12
539.39
2527.75
1224.16
1239.03
1233.45
0.00
1475.44
2445.64
1798.94
0.00
1143.50
0.00
0.00
0.00
1018.54
0.00
637.04
2506.33
0.00
257.40
746.12
33.62
695.13
2651.86
0.00
1889.34
136.44
1087.36
1025.67
0.00
1569.50
2976.18
3587.28
1164.04
1147.80
0.00
426.36
1217.03
0.00
1300.85
584.75
2917.38
0.00
443.12
2380.69
0.00
1364.12
1548.30
1943.44
0.00
0.00
1677.43
1401.50
599.57
0.00
2397.58
765.61
1100.48
237.34
1241.21
2206.74
1208.56
207.49
436.08
3153.56
92.62
0.00
2120.79
482.34
948.53
1727.50
715.63
1287.13
4056.49
927.74
219.53
1227.73
543.03
0.00
0.00
1354.42
1251.31
0.00
1115.15
278.48
2898.47
2452.99
827.19
674.49
1523.95
3183.82
788.45
0.00
1946.48
2121.89
612.57
2463.14
2607.16
681.26
1125.64
0.00
1517.35
1334.42
0.00
454.21
0.00
221.61
320.06
517.25
0.00
604.00
113.86
0.00
242.59
0.00
743.94
522.19
0.00
1354.44
0.00
1875.92
792.14
0.00
1554.55
0.00
301.93
1329.80
492.06
1252.18
930.14
377.27
11.73
0.00
1679.20
1749.03
737.94
1516.51
668.87
1472.28
768.91
0.00
892.13
505.67
2972.54
731.42
2414.69
826.16
0.00
384.46
3832.36
1134.08
1030.55
0.00
0.00
538.58
1162.74
0.00
0.00
1526.28
1356.80
498.53
0.00
1094.35
401.59
1266.58
3700.21
393.25
1397.70
0.00
622.36
1526.42
0.00
138.81
0.00
1979.20
3512.78
444.81
2164.67
1514.08
1311.59
1545.38
584.65
0.00
1183.08
2822.97
1646.68
1249.25
554.11
1135.83
302.02
614.26
2779.75
467.18
0.00
2869.24
246.23
1132.32
168.87
3705.14
1517.65
1085.43
239.41
691.82
1164.18
0.00
1607.21
1926.47
569.55
2043.12
410.68
1728.09
2023.50
1225.28
0.00
923.39
1675.18
1256.06
998.75
2222.10
1985.45
4036.30
2275.68
0.00
0.00
2224.33
2194.53
0.00
0.00
1342.13
0.00
1682.24
1174.08
0.00
717.59
1576.96
234.81
1608.68
2092.29
1546.68
887.58
822.51
1760.17
977.56
1964.16
1396.53
446.36
1192.13
619.59
1004.44
672.85
177.81
756.66
1824.37
1033.88
477.60
2337.25
3227.46
848.47
2643.21
384.29
0.00
129.56
613.07
866.60
1241.94
886.82
696.46
2267.01
1851.91
439.80
504.43
0.00
2708.10
2317.05
3029.82
1231.67
1013.25
540.58
1141.58
2917.49
0.00
0.00
2807.41
1052.12
2400.55
882.24
2107.01
1200.81
2097.01
1559.47
1515.99
906.21
2241.60
2418.78
0.00
1299.80
173.46
3479.85
312.25
1340.71
1097.65
2111.31
795.78
1444.56
1117.45
1386.10
0.00
921.52
3549.67
301.13
1102.00
2949.79
1667.35
251.80
1668.31
503.06
2476.15
1222.24
1379.90
1960.90
783.74
2378.37
0.00
926.48
2310.61
1052.08
923.91
0.00
0.00
0.00
2241.73
0.00
2628.79
757.32
1993.39
1363.15
256.72
1256.09
4149.67
0.00
4208.52
685.28
1356.76
1549.19
2761.67
1004.27
932.26
3647.36
303.70
1769.78
1633.88
1244.04
676.06
364.21
0.00
1122.23
0.00
5.46
0.00
468.19
1459.75
661.76
1648.90
0.00
0.00
1325.87
1689.97
717.75
1873.34
495.10
1152.84
484.61
1104.33
337.20
0.00
1597.45
1918.25
558.63
1285.98
2688.58
812.96
623.30
0.00
1197.42
2065.45
1684.54
0.00
910.13
329.99
2455.92
457.25
3155.05
1289.01
0.00
993.18
0.00
2997.70
2475.18
235.61
833.36
3558.48
1944.63
511.59
1343.31
3272.97
0.00
1832.21
2301.64
1264.60
582.00
0.00
2181.45
1203.37
2129.81
965.39
1961.25
0.00
0.00
871.81
1460.92
0.00
2938.11
2411.22
1594.00
1587.92
1938.98
1853.35
2217.45
2884.49
1509.62
0.00
870.29
0.00
886.09
921.74
0.00
1388.22
1286.34
1419.67
0.00
2692.79
366.79
0.00
834.31
144.34
643.44
2669.93
0.00
1214.63
3238.66
316.59
986.04
317.80
1687.81
5234.23
626.96
0.00
0.00
1225.00
641.41
584.24
3850.05
1653.92
591.22
0.00
1565.60
0.00
1623.57
1821.92
3879.48
477.68
923.31
0.00
1224.46
1390.54
3298.93
2403.38
2292.78
0.00
876.43
0.00
675.79
0.00
764.34
690.12
3014.93
1472.05
0.00
1908.87
640.16
2079.70
559.27
684.64
1464.88
1359.59
140.64
0.00
1493.09
1443.29
1475.14
613.31
0.00
0.00
2579.23
1593.97
390.10
0.00
2613.10
2045.44
940.38
657.47
477.38
1422.85
1428.60
1654.66
1054.30
0.00
3740.63
1561.20
1354.51
1792.23
3401.51
1918.53
120.31
888.16
2601.88
0.00
1914.24
4150.44
1802.41
1497.37
0.00
0.00
1009.33
616.95
29.92
3049.99
783.61
185.12
2409.42
421.31
1133.31
690.81
590.25
659.36
1059.83
689.22
678.05
1444.33
1119.26
0.00
1152.04
554.20
240.97
2324.79
2344.67
3827.22
566.85
776.46
219.93
1437.78
327.63
829.02
0.00
512.66
1427.01
0.00
0.00
0.00
1528.36
3464.27
1203.58
480.25
0.00
2876.49
2854.98
0.00
2916.75
1345.41
572.34
2717.56
0.00
0.00
1351.28
847.10
0.00
1906.44
1320.00
1444.99
2884.66
0.00
2837.90
2793.07
0.00
3320.25
0.00
26.89
4046.83
0.00
659.83
376.41
383.40
1308.94
1150.20
841.75
651.79
81.75
997.72
0.00
600.20
635.78
2351.23
420.68
725.04
1289.59
0.00
903.14
1254.79
421.29
2769.71
148.71
673.45
1323.19
729.74
0.00
1173.56
964.21
747.63
1797.46
1469.86
1821.24
477.61
0.00
788.14
977.71
684.88
707.26
572.77
758.14
1503.06
0.00
939.33
1414.76
316.43
1052.08
584.92
825.14
1382.80
1533.86
2820.10
1557.62
838.81
950.41
1815.26
811.73
1891.50
576.15
0.00
2157.47
472.33
14.39
972.54
2371.36
0.00
72.31
1860.01
569.86
0.00
2315.16
449.61
515.82
1105.88
1470.76
915.80
2177.62
564.84
0.00
953.42
2768.35
0.00
578.87
0.00
1119.47
1326.39
1224.63
579.35
1230.43
1000.47
0.00
1039.74
0.00
0.00
451.47
882.77
0.00
414.03
1058.86
1838.48
281.59
0.00
906.13
527.00
1179.41
1.34
712.89
607.57
0.00
1922.11
1871.30
0.00
340.12
1412.41
1458.58
1484.76
1428.84
1794.01
1458.09
0.00
0.00
1099.36
173.78
1929.03
2409.17
1467.36
1918.47
2095.20
1197.39
0.00
0.00
544.06
1040.01
862.56
1679.37
1385.90
2115.42
2012.99
0.00
358.74
0.00
2160.79
2612.27
0.00
610.17
2885.80
1441.63
2366.19
0.00
2479.54
735.37
0.00
701.37
690.26
244.57
2901.63
2032.40
785.55
0.00
1943.33
1266.98
1579.69
426.67
525.26
1178.24
3528.91
2850.10
973.42
1900.99
706.35
3679.51
1994.65
2327.91
745.11
0.00
2269.75
972.77
0.00
0.00
297.76
369.72
157.17
1205.01
1992.54
0.00
688.10
0.00
0.00
1180.57
1504.27
4052.14
3448.95
348.28
2095.31
1514.97
462.09
2092.28
0.00
2838.62
864.24
0.00
200.37
385.59
1383.54
449.99
2347.46
259.26
0.00
2450.76
0.00
829.56
1752.42
315.54
1044.28
515.77
2067.96
1735.50
889.20
3849.24
417.85
666.01
1624.31
3053.42
86.67
0.00
33.10
