1432.69
2932.62
172.09
762.16
295.77
1708.60
2531.76
1597.20
1702.99
132.23
1676.41
2278.20
1443.49
577.00
1274.53
2991.05
1708.81
167.00
2753.16
0.00
890.37
2896.85
2463.03
2985.34
519.71
1212.22
542.36
882.26
0.00
1884.65
0.00
2098.12
322.44
1248.96
656.99
324.42
297.96
3655.35
0.00
0.00
626.66
130.23
1327.65
313.24
905.38
1237.86
1804.05
121.24
72.18
1791.67
9.58
1085.00
1463.15
0.00
904.91
2151.45
1347.70
0.00
1413.93
376.77
528.39
2221.50
1010.20
2690.82
0.00
589.97
1153.59
0.00
2355.93
527.14
