1413.60
351.35
329.13
750.57
747.70
0.00
593.18
988.55
1535.76
2525.09
1295.38
3155.74
0.00
2702.58
1397.57
334.17
1650.64
0.00
695.41
0.00
932.28
1882.64
912.61
1838.81
2778.47
1431.03
3285.42
3072.14
2774.12
587.41
0.00
0.00
1144.84
1819.71
2915.74
0.00
633.45
1038.54
1719.64
821.79
859.92
726.65
1931.54
48.25
1914.81
610.57
0.00
552.54
1006.89
1356.82
0.00
1604.55
3604.54
608.29
268.72
294.42
1539.17
74.41
750.75
2230.65
2359.12
2560.14
526.59
0.00
3805.47
720.11
380.06
0.00
58.74
795.78
566.35
0.00
1202.03
399.16
0.00
1168.47
4195.84
0.00
368.86
1969.68
2022.91
1143.90
38.33
1356.82
1610.47
1031.68
542.76
1101.59
510.02
1280.68
2245.24
0.00
1364.42
1907.12
1515.04
1572.56
2484.92
0.00
0.00
517.55
