1695.05
0.00
88.53
2596.30
370.51
605.25
1671.14
0.00
1161.29
0.00
1741.64
895.31
0.00
1779.82
0.00
434.30
1512.28
803.63
3106.44
1886.23
238.37
652.98
0.00
220.56
290.60
0.00
338.30
1505.80
2121.11
1282.02
1424.49
2434.12
1778.18
511.80
541.68
222.31
304.23
0.00
293.26
1906.30
0.00
1067.75
1192.71
2393.63
2649.90
0.00
1758.00
2174.83
1266.93
0.00
2720.35
0.00
1732.97
264.53
909.98
1633.56
1492.13
448.95
1256.05
962.22
179.24
1385.45
1336.83
1369.29
758.26
904.94
1048.70
3382.76
2880.34
0.00
0.00
1024.72
1659.10
1207.28
175.24
967.38
928.92
374.99
1369.75
1240.91
682.90
1008.34
0.00
377.30
1237.84
2052.08
432.45
596.36
1945.72
775.07
1574.54
1068.23
459.79
0.00
1456.17
2510.90
1513.31
0.00
2435.81
0.00
917.72
1449.95
920.43
1106.70
635.10
2590.06
14.21
0.00
0.00
2280.14
52.70
766.52
119.43
218.81
1472.11
1912.74
1241.12
0.00
4317.06
2296.07
2372.64
150.08
592.25
0.00
0.00
2155.42
1980.80
3713.68
1044.95
510.05
3135.08
2275.74
0.00
4267.12
1656.42
1648.03
714.57
849.34
3026.84
675.81
1290.59
3006.73
338.17
1235.77
709.89
1469.30
0.00
2392.60
828.09
1352.78
2368.84
1060.60
3868.21
455.05
3175.97
1832.84
726.58
0.00
452.26
1128.23
423.03
1748.01
665.39
3569.12
538.99
1775.88
1595.24
590.32
2061.39
488.68
966.97
2068.82
914.13
1855.46
4954.00
1296.82
3768.14
1051.85
1494.21
1731.65
1519.44
2000.24
1286.09
1539.42
1429.14
1728.38
0.00
0.00
523.04
490.58
2237.09
0.00
1403.00
0.00
0.00
1071.36
1858.46
0.00
2263.66
0.00
629.45
1676.88
0.00
324.56
1804.62
719.23
2556.16
488.11
383.51
0.00
0.00
499.93
907.89
1998.85
240.76
660.98
339.96
20.66
1527.63
37.32
2161.80
299.07
1964.90
1857.34
864.78
2268.35
1974.01
2879.09
1577.48
1143.62
0.00
0.00
0.00
946.67
0.00
1339.39
2664.44
2333.98
1329.77
923.47
732.23
1617.64
0.00
2119.35
1060.84
4235.35
2029.76
2702.20
0.00
242.51
1776.66
0.00
1907.52
1191.61
357.70
820.19
903.48
2435.26
1382.22
0.00
907.31
2831.17
0.00
0.00
1466.93
1598.92
957.26
0.00
509.35
0.00
263.50
438.70
0.00
915.62
0.00
1096.45
1173.45
3523.76
2994.68
504.94
1804.43
1885.30
835.73
1700.36
1434.37
1465.70
771.35
2972.20
1564.21
1813.43
1273.15
2048.62
2866.99
984.92
303.30
0.00
0.00
0.00
911.78
1502.41
2288.52
2682.05
1086.28
536.60
2179.58
165.67
492.71
1656.82
0.00
970.32
145.45
1411.38
1598.96
768.65
1534.90
596.92
416.33
0.00
1972.70
208.08
1250.34
0.00
1555.43
387.66
577.61
1653.62
693.01
2596.88
2298.59
421.43
167.13
1947.88
0.00
1564.57
1189.47
297.41
2672.70
600.26
0.00
0.00
1366.04
1171.29
0.00
586.91
0.00
716.50
598.17
0.00
288.63
501.83
2735.45
2317.10
770.60
447.67
2672.19
2001.88
0.00
1482.39
1512.72
2610.08
1978.67
1884.63
0.00
693.70
2048.79
0.00
558.55
347.66
1802.29
1613.20
2786.58
1082.67
75.99
1273.35
1486.17
573.06
881.56
751.40
407.15
2080.90
2547.64
486.92
1172.31
2924.83
1623.48
1694.76
0.00
2785.52
0.00
1984.21
2770.11
0.00
15.93
2377.51
1124.09
1914.88
0.00
1174.89
1969.91
575.30
474.65
0.00
909.14
506.67
0.00
1478.70
1898.88
2531.85
1142.34
0.00
2449.82
2698.28
2021.28
617.18
1555.81
630.74
0.00
0.00
0.00
3318.45
2073.70
2653.14
593.03
0.00
703.51
1434.86
1171.19
499.91
390.99
518.03
694.15
1967.30
507.39
1681.64
1329.94
674.75
1333.67
366.88
2197.37
802.50
1730.17
3106.00
313.43
1248.19
0.00
1117.93
1928.69
0.00
1956.38
2400.90
511.65
1084.99
0.00
652.55
456.34
1040.29
2313.38
0.00
1955.39
0.00
538.23
422.56
848.74
1364.12
3564.02
502.64
1619.85
463.24
1186.89
2271.08
1581.66
675.53
229.08
1590.31
502.41
1894.46
1305.29
721.24
642.92
2278.76
1370.27
1846.17
165.14
300.12
280.21
0.00
1110.38
2320.33
687.16
1272.18
1327.31
0.00
0.00
0.00
2296.62
1303.77
666.09
757.56
0.00
2124.16
422.48
1749.48
2105.79
679.23
0.00
159.47
1795.82
1165.44
1187.18
0.00
3279.62
854.49
482.73
2901.51
641.03
2388.15
1683.17
0.00
1648.17
1543.04
307.82
943.76
477.79
0.00
3402.36
0.00
414.08
0.00
1244.23
168.05
1619.12
2964.06
2744.96
1371.71
0.00
740.30
1078.72
1664.80
5682.29
770.91
0.00
946.18
1946.51
1845.03
1472.47
3702.51
1302.43
1586.12
671.26
1435.06
3841.42
585.36
0.00
1466.87
1459.93
1684.49
1549.58
656.39
1897.06
255.97
727.15
828.31
640.66
2811.09
2171.74
626.14
2743.25
1225.10
1263.99
1929.47
0.00
384.95
346.86
586.30
732.49
1257.92
1079.26
775.98
1952.39
589.07
651.98
1212.75
0.00
0.00
0.00
2826.06
1964.27
262.44
1068.41
0.00
115.74
2043.01
2344.94
777.70
497.51
604.24
823.59
0.00
997.31
3758.08
270.70
3460.29
178.04
0.00
81.01
1630.05
0.00
1646.42
2562.76
140.33
595.66
1839.48
2220.09
1599.86
0.00
915.17
2783.71
1978.41
53.96
373.97
375.76
2130.60
4007.29
968.49
372.79
0.00
1409.03
107.31
1581.44
1717.52
748.65
1675.35
0.00
2887.10
1107.47
0.00
2382.77
2432.87
347.07
225.76
1776.10
1459.44
2687.14
1275.68
707.16
2369.06
2070.45
2706.01
758.36
2708.09
1754.95
312.14
658.12
1480.09
3221.30
1419.21
764.48
0.00
2558.62
2011.15
44.58
797.62
1571.97
2628.05
2107.44
1277.52
1184.37
0.00
210.79
1622.63
2505.15
747.28
2167.58
266.09
1441.44
1420.19
1251.02
416.63
799.63
659.75
1617.83
535.84
540.66
575.48
2008.74
1332.95
1094.76
2341.59
787.98
0.00
165.83
0.00
2625.58
719.85
567.77
1352.39
2297.90
679.55
0.00
1496.01
444.69
658.10
0.00
2469.66
0.00
0.00
516.38
147.18
4426.54
179.71
1599.92
489.67
1155.10
667.57
15.08
3588.34
844.79
2254.01
490.16
1440.44
1610.24
0.00
0.00
868.59
2558.16
1099.35
1533.52
1724.82
0.00
1172.58
2284.06
1330.59
2175.28
333.76
0.00
551.05
423.15
2967.95
2662.10
2221.23
200.41
619.38
1410.52
1921.00
341.45
823.64
4992.86
3130.58
552.66
1096.39
3548.17
462.31
740.90
962.70
1669.97
699.93
2929.25
0.00
1055.64
45.11
410.80
401.67
591.92
2853.70
0.00
540.05
2455.62
0.00
2209.71
1590.67
2048.49
0.00
0.00
2857.43
1378.22
2311.13
2497.44
1880.57
533.45
755.65
2275.56
1965.90
706.23
598.41
2586.45
780.82
3319.71
2618.82
1761.93
1994.52
996.06
2726.10
911.14
1547.01
1368.58
2092.06
1074.31
1772.17
2355.97
2956.73
511.82
1251.15
1372.42
594.82
2790.32
4261.21
1338.13
361.93
652.32
2643.94
411.54
1993.38
281.80
242.97
1247.04
2291.09
1348.19
1081.40
1276.95
1136.78
0.00
1077.49
1527.37
1441.44
521.59
2090.75
1467.42
0.00
2531.62
1102.50
1549.34
1239.62
801.39
2084.37
1403.29
863.15
2101.76
1077.93
1594.36
0.00
130.05
0.00
322.16
943.05
1002.97
1682.33
125.65
1584.22
1258.13
1019.17
712.10
115.85
481.41
0.00
0.00
563.50
1413.74
634.77
202.15
1670.84
861.43
710.10
2672.60
949.65
3605.11
0.00
0.00
3601.92
3772.18
0.00
0.00
1217.50
822.73
1715.05
645.72
157.47
3571.01
1407.12
393.25
2135.43
1474.72
485.17
812.34
1547.22
0.00
184.93
2585.75
2905.55
2949.72
571.05
3536.06
3963.77
0.00
1042.44
0.00
2430.16
848.28
612.87
777.99
482.34
352.04
2904.76
1400.78
871.49
671.56
1038.66
869.39
1611.94
1227.36
988.32
611.19
0.00
1703.68
0.00
3340.66
1274.02
143.73
3055.22
1389.85
559.62
534.43
577.14
763.75
2064.81
387.23
841.39
2936.89
0.00
1283.63
3157.08
974.02
1095.29
0.00
487.64
2178.09
2636.42
1930.62
602.47
1414.21
1386.56
448.59
1343.32
654.91
800.24
0.00
1146.88
1346.21
0.00
1289.46
1601.29
2162.08
3060.71
263.34
531.63
2106.39
86.42
2193.57
392.30
1841.46
895.90
0.00
2347.36
506.03
762.92
62.76
923.25
330.23
1145.44
121.88
918.63
153.92
2522.62
0.00
0.00
1182.74
668.39
589.83
489.48
921.88
1605.19
171.33
292.95
649.53
313.46
0.00
285.55
599.09
0.00
0.00
1664.27
1433.43
858.40
2361.75
64.54
1426.43
0.00
2852.68
3615.28
224.23
2136.56
