1282.81
0.00
3059.70
1161.15
0.00
1789.82
2022.32
1280.83
2089.87
1817.55
1146.00
677.90
1992.55
1451.78
76.34
946.28
0.00
1071.70
1018.78
1283.87
824.52
606.49
1213.00
1260.14
0.00
1511.50
667.35
603.75
2113.28
201.07
86.46
1186.87
0.00
2182.70
1382.22
876.63
738.08
1192.67
0.00
254.70
3391.10
1705.50
267.83
1098.40
1069.44
962.80
694.51
893.26
1771.46
1900.09
0.00
1003.68
115.31
291.02
0.00
698.38
745.54
0.00
46.39
0.00
0.00
1810.51
1001.77
0.00
726.88
0.00
429.09
0.00
436.75
305.13
0.00
0.00
3094.03
1394.51
2064.28
2226.54
0.00
221.62
3511.10
1456.68
138.60
772.97
0.00
1541.58
738.17
1258.43
469.35
2001.18
831.51
3013.63
1826.63
342.96
3137.23
49.00
339.41
1069.10
1504.06
0.00
821.44
0.00
132.56
259.27
2347.01
0.00
0.00
1823.11
486.29
2612.22
134.95
1593.16
0.00
914.57
1853.86
1045.10
763.06
1258.52
644.47
1653.23
0.00
2382.17
493.34
0.00
1477.41
3627.13
1131.16
231.67
0.00
0.00
991.47
2560.51
1431.63
2217.70
2351.64
2310.82
0.00
416.14
840.90
0.00
1378.33
416.21
1046.93
2175.67
135.89
2165.33
0.00
0.00
1826.04
0.00
551.74
0.00
0.00
0.00
551.79
0.00
386.74
131.55
1515.73
1194.34
2907.50
120.93
1358.08
585.65
485.58
1336.69
480.19
1889.02
292.91
1000.56
252.66
1820.65
2479.98
833.41
1833.14
1014.30
493.91
849.54
771.43
820.43
0.00
1064.26
2556.13
81.45
1126.31
671.68
0.00
798.92
1504.76
1351.71
1582.03
2860.81
0.00
2911.98
1098.86
561.00
0.00
27.96
139.84
1516.84
1512.14
698.66
1855.18
0.00
2413.62
0.00
1720.09
1633.16
0.00
1752.34
3269.48
361.61
2835.29
0.00
0.00
264.36
368.97
464.73
911.28
1695.20
446.18
0.00
123.07
0.00
334.91
656.53
863.19
2202.94
0.00
1607.50
979.42
1007.56
2517.63
1028.61
317.52
0.00
4498.12
547.97
1725.63
1608.65
1149.53
0.00
2704.72
739.69
538.23
607.99
0.00
484.49
151.42
1259.14
0.00
2180.22
435.49
792.58
1832.64
1096.44
2029.97
2498.45
3196.66
1320.47
1851.43
1149.70
755.97
0.00
866.27
1455.48
496.23
3508.90
2647.55
563.98
0.00
1096.42
0.00
131.01
996.73
487.41
624.84
3427.80
252.43
0.00
1591.33
0.00
1239.58
1687.81
816.91
957.13
1521.65
1505.10
0.00
0.00
0.00
0.00
2671.73
1891.30
0.00
1407.41
1162.96
0.00
878.53
1501.40
955.10
11.72
2053.47
1843.93
2402.77
297.50
88.36
1750.71
2393.24
291.38
2483.83
512.07
1160.29
645.80
860.94
0.00
1194.20
2937.39
382.02
1033.50
709.57
1719.15
301.83
1952.40
1961.57
476.10
1837.31
492.64
648.33
1243.85
2308.05
0.00
1797.97
1731.61
3171.36
0.00
0.00
3334.19
0.00
3092.91
2724.78
0.00
1200.88
0.00
926.61
714.10
1431.52
0.00
2803.76
2044.31
605.11
577.13
2225.50
979.35
79.87
1598.19
1835.76
643.71
830.13
1350.12
2446.51
664.11
0.00
902.94
1776.91
437.73
732.55
451.48
739.79
2236.59
1214.16
2651.16
504.79
943.73
996.43
4472.77
1440.20
273.44
1210.43
0.00
501.97
5059.23
1263.07
1546.59
0.00
665.83
706.28
1812.99
1536.57
1316.83
0.00
1518.02
53.40
1829.84
57.08
551.27
1185.56
1356.71
598.59
1350.22
0.00
0.00
507.78
1515.56
650.84
1319.25
0.00
2942.65
1086.59
814.01
101.70
165.97
3052.21
357.61
2138.86
1075.38
0.00
1427.39
894.79
0.00
0.00
2478.58
2116.05
1934.45
3232.59
1893.64
0.00
1391.51
0.00
0.00
1402.34
1969.28
2465.93
433.10
2248.05
646.53
0.00
570.13
2810.85
1100.81
2979.04
1052.13
393.68
1948.25
0.00
1049.53
0.00
2966.70
1163.71
2713.87
1666.57
2824.63
1713.59
0.00
399.73
581.77
4951.16
614.73
2825.51
3138.01
876.89
0.00
2297.02
1778.11
416.08
0.00
0.00
826.38
935.35
1603.89
1550.12
1005.44
1371.11
1187.40
772.26
1539.59
1771.12
0.00
1658.97
506.64
1572.35
0.00
1316.59
357.35
0.00
881.58
282.12
1562.96
771.55
760.38
145.14
2693.82
2343.36
1143.63
937.02
526.50
1641.09
0.00
534.73
636.80
0.00
2095.50
678.97
781.40
2661.76
0.00
1487.05
0.00
1390.90
1704.26
1185.17
4861.30
1068.08
1340.31
0.00
256.98
1242.47
987.84
1780.39
1206.60
72.36
0.00
0.00
1069.40
1076.69
2143.60
303.56
2896.50
538.52
1066.75
2337.76
568.51
1739.24
296.96
0.00
0.00
607.00
1181.01
708.34
804.27
992.62
373.64
0.00
80.19
1216.23
2300.85
0.00
741.82
1134.05
3294.95
2343.02
2279.59
1458.58
2352.39
924.48
0.00
0.00
0.00
2284.44
601.24
590.25
817.21
888.88
0.00
1069.08
2892.91
2455.29
404.43
2222.83
0.00
0.00
0.00
0.00
0.00
313.50
734.33
2439.74
2095.00
1739.87
1065.75
759.97
1768.80
0.00
805.09
742.73
0.00
1985.03
0.00
1945.08
2732.31
771.67
2485.62
0.00
0.00
1628.40
1741.97
704.87
114.92
0.00
1327.51
2104.85
0.00
316.17
750.74
1203.55
949.37
1774.92
0.00
0.00
1386.35
1722.09
450.53
1331.28
93.38
0.00
2994.78
2511.82
1049.70
2043.42
670.31
0.00
1012.24
913.44
2254.95
782.49
0.00
0.00
3603.02
0.00
1020.55
2094.45
0.00
1580.26
0.00
2034.13
860.29
0.00
388.20
2276.85
1790.14
2323.95
2408.60
3721.25
447.76
873.04
820.80
1432.83
0.00
294.38
0.00
872.35
2020.03
0.00
0.00
1824.82
1124.51
2602.04
539.85
0.00
3160.97
1486.60
830.85
445.08
1673.03
0.00
0.00
1187.88
0.00
1203.18
1754.98
2700.68
853.34
4074.43
1088.83
1134.19
1741.97
600.99
0.00
1558.83
53.35
74.65
1233.21
2450.46
0.00
1056.38
353.39
1059.45
465.32
71.88
1897.09
1495.84
374.68
1384.37
2146.63
84.40
1533.34
841.74
3554.52
1163.91
1037.99
3206.48
1165.46
955.86
1054.67
1770.18
2710.48
117.68
5376.67
2812.07
2137.04
0.00
1449.96
808.58
53.26
1161.25
320.49
1627.16
2350.20
579.64
1911.58
0.00
985.76
2144.39
0.00
870.59
686.03
1190.45
0.00
1052.22
1018.61
1154.38
3133.26
56.87
201.79
1393.76
3718.93
2438.42
1813.30
0.00
878.45
2779.54
3031.25
722.66
675.78
254.51
0.00
2823.46
2144.10
0.00
640.67
3982.84
950.64
1565.86
223.77
548.52
3383.73
0.00
2965.71
394.07
3745.89
2336.44
3883.31
0.00
81.86
397.24
1516.20
2038.24
564.81
1785.50
2553.36
1558.76
878.11
963.22
2039.47
329.02
2893.55
167.97
985.19
1366.42
1062.84
0.00
1053.16
460.45
2035.70
0.00
366.38
984.05
114.73
513.31
497.90
951.03
0.00
0.00
0.00
4138.57
0.00
839.71
2.47
1368.89
1460.68
649.17
0.00
1786.38
1463.81
793.04
2467.11
1726.54
2228.47
936.14
1716.84
352.90
515.82
1622.86
203.35
1832.05
0.00
0.00
481.49
0.00
1204.77
1050.14
1925.05
1046.78
1032.01
1548.41
1236.44
224.44
0.00
166.61
0.00
760.83
1131.82
458.52
1163.52
1306.16
2325.20
2878.43
1421.88
0.00
3136.22
0.00
335.54
901.30
542.89
0.00
348.35
1585.64
2183.37
441.79
1596.74
710.60
0.00
988.33
2465.16
2117.06
2761.42
2702.34
146.64
2848.87
325.73
0.00
866.52
2958.98
0.00
0.00
618.95
0.00
1215.99
0.00
2178.50
3567.37
579.09
612.86
638.83
352.04
1612.95
0.00
1561.54
2179.14
463.40
311.60
2040.73
3304.09
1517.75
1411.05
0.00
980.34
991.03
2444.16
0.00
524.95
3363.38
0.00
1020.42
970.92
575.41
0.00
1094.21
1429.03
1770.16
0.00
491.84
829.24
0.00
1432.75
1838.56
0.00
1383.04
420.56
41.24
1398.78
784.30
0.00
0.00
2582.29
1453.94
2144.19
992.51
657.96
1076.94
795.05
1639.21
1602.76
1275.77
0.00
893.98
1228.05
1496.59
957.56
683.37
202.03
938.15
1186.50
1674.74
0.00
574.96
2139.60
14.32
366.15
646.03
1940.83
317.63
1642.68
795.73
527.39
908.79
1226.47
3648.14
0.00
714.07
0.00
770.84
1513.46
230.29
3357.90
4152.85
0.00
752.93
0.00
841.37
0.00
0.00
889.06
0.00
3184.88
1656.19
1714.92
373.96
2194.65
2341.74
181.78
2867.39
2630.88
629.56
122.90
1617.27
1801.24
1195.25
1169.12
0.00
1394.86
485.77
809.44
0.00
1785.85
0.00
0.00
0.00
1553.76
972.64
1643.85
889.42
0.00
441.92
3235.02
198.60
2074.17
0.00
122.84
443.39
2505.90
0.00
