1851.33
272.70
1029.34
984.58
0.00
1215.75
1103.80
1042.51
0.00
1052.63
1450.55
1728.90
1424.38
29.05
22.50
3630.05
375.16
1367.77
0.00
3339.31
2962.81
591.57
2360.21
2363.41
282.05
1750.47
47.09
1041.99
2072.56
350.46
1545.11
1160.25
845.39
595.12
1617.05
2213.61
0.00
432.51
1678.63
827.64
1818.27
1904.33
346.73
726.63
1234.94
0.00
1273.92
97.25
278.03
0.00
1403.03
547.97
0.00
0.00
674.98
895.50
1598.00
0.00
2645.27
2180.55
128.68
823.71
751.10
469.40
0.00
1006.69
1380.07
534.21
297.74
642.25
1316.44
813.08
1240.53
955.79
1556.99
583.41
1868.09
0.00
1481.52
1187.47
0.00
2374.69
1338.48
2357.99
1507.83
1298.55
1423.13
0.00
2394.47
2546.98
1631.69
2241.28
0.00
2696.99
3588.68
948.07
1529.72
0.00
834.17
558.19
2061.56
0.00
1608.52
1086.10
392.56
2645.57
872.26
1179.63
395.08
188.41
2380.19
850.69
0.00
4958.38
415.93
831.89
167.95
1856.09
116.14
1656.09
0.00
573.67
1267.14
0.00
1203.00
3080.49
2159.27
676.93
491.10
688.69
552.02
2091.90
0.00
206.02
0.00
0.00
0.00
740.20
656.74
2035.02
935.27
429.08
0.00
0.00
1234.04
0.00
2392.54
3228.13
1826.93
1692.61
29.36
1928.27
629.24
803.70
2176.96
905.85
1540.45
138.52
2354.63
0.00
0.00
3378.98
0.00
0.00
844.31
1023.70
732.12
388.66
930.25
1365.97
0.00
0.00
720.81
1332.20
908.99
0.00
0.00
889.89
80.12
0.00
718.62
2472.74
1394.77
842.99
2574.79
0.00
2061.47
2530.45
1641.95
691.16
2212.50
1121.87
470.22
462.80
1869.08
1898.00
1428.10
1127.57
855.17
169.16
1665.23
1969.60
190.07
2380.84
1650.76
497.75
2473.52
908.78
1061.76
4671.19
857.90
3904.81
2756.23
1176.36
4259.35
705.81
1459.70
2386.27
1995.00
2566.20
1290.96
1607.89
0.00
795.97
737.19
0.00
1117.75
568.82
145.37
1770.96
19.36
1344.58
1863.17
2155.41
341.99
137.38
753.19
0.00
1811.75
1517.14
462.25
1433.15
489.06
717.91
492.28
2697.89
145.96
281.40
0.00
3088.31
1684.56
1431.48
4087.09
0.00
0.00
423.01
1332.69
858.12
2608.83
1534.97
953.67
271.08
1346.92
1658.07
716.71
0.00
1222.66
1249.57
1359.46
2200.49
2718.40
0.00
1973.21
4475.88
1325.56
571.26
3116.45
2825.35
752.58
0.00
1716.04
1021.45
591.95
466.22
2078.07
1019.58
463.49
474.22
2784.37
1259.63
1329.09
3326.66
440.54
0.00
1189.40
1257.64
538.36
546.55
574.00
1455.68
3325.93
753.07
722.68
207.82
3294.47
412.20
1157.82
412.11
576.63
1562.02
840.98
1782.84
1198.89
0.00
0.00
1183.49
553.02
260.95
633.04
1608.02
1214.17
1556.32
0.00
1697.23
1698.18
1414.91
1852.66
514.87
1592.11
937.30
1618.59
1713.33
0.00
534.43
2273.47
1708.13
1669.30
1902.81
0.00
495.17
944.88
2036.76
1172.44
2747.46
431.87
0.00
2196.11
378.59
3071.87
0.00
532.04
546.45
3105.73
186.82
0.00
997.23
820.56
0.00
354.24
946.49
624.84
1167.59
1213.12
987.11
1404.52
373.64
2001.13
293.48
483.05
1970.18
2759.71
2160.21
263.94
676.86
2739.46
1124.81
351.14
1355.22
1072.88
0.00
681.20
1638.85
911.59
1371.54
969.98
0.00
1003.63
0.00
2731.91
2415.30
1405.95
2247.37
0.00
0.00
562.75
138.90
948.35
1099.53
2048.14
1789.00
2180.21
933.72
759.91
1726.99
0.00
2689.02
648.11
481.76
0.00
833.51
958.88
2855.81
2244.39
524.22
539.47
1642.54
2542.74
1131.54
1104.04
2380.52
1035.19
0.00
261.53
948.06
1554.84
0.00
685.58
765.91
1558.77
1201.90
0.00
2189.31
0.00
0.00
1904.40
533.85
1321.97
2995.74
0.00
0.00
0.00
1566.83
262.31
1651.74
224.40
0.00
388.42
170.10
1209.31
0.00
2051.03
0.00
2469.25
0.00
209.39
2073.05
487.90
1053.38
2023.31
2212.07
1978.30
742.33
1466.23
720.84
647.05
0.00
0.00
0.00
1782.89
663.41
1135.70
1701.29
2034.20
656.99
1058.26
1008.61
238.39
2221.03
772.28
0.00
2102.88
1259.72
0.00
0.00
998.69
95.34
1090.63
1687.09
0.00
2251.40
1941.66
418.03
1714.02
1749.85
1956.96
1040.57
2151.56
0.00
1891.70
447.33
2258.76
0.00
552.81
0.00
804.15
1238.57
2374.54
341.60
905.63
2778.72
3366.94
534.42
2071.27
998.22
236.92
1011.17
1138.41
819.05
483.35
953.26
0.00
840.55
537.85
1268.29
187.19
954.10
879.93
1953.16
516.13
0.00
1720.75
122.26
140.21
537.43
2269.18
1073.70
1097.30
1897.36
1900.03
876.44
2828.12
1399.48
1940.37
1023.05
3.03
1141.50
1035.60
458.12
1825.73
0.00
2559.14
1804.49
1664.89
0.00
952.77
1236.44
1798.68
447.74
1066.86
572.75
707.91
1045.06
816.33
0.00
1369.51
362.61
1655.63
0.00
172.16
1668.50
699.54
780.24
262.71
960.77
0.00
1161.88
393.45
3989.27
1889.57
0.00
0.00
1198.61
978.76
601.54
1191.40
0.00
990.79
988.11
2363.95
113.59
0.00
388.35
1312.59
0.00
0.00
1869.07
1236.17
790.28
587.29
1213.68
822.21
576.73
2323.50
791.16
581.46
1841.30
3691.39
1039.13
332.65
719.66
661.69
0.00
180.15
1369.23
3529.22
1009.86
0.00
557.64
2195.35
0.00
2697.09
0.00
3021.03
0.00
488.93
0.00
1614.36
1604.31
0.00
2888.29
834.87
1467.58
0.00
1795.20
304.34
1199.61
1770.18
0.00
0.00
1305.89
3661.63
819.52
1464.40
1572.92
0.00
0.00
4025.30
1483.13
1479.80
2608.12
0.00
882.62
2794.73
562.58
4655.49
0.00
1490.71
796.46
1509.75
437.47
0.00
0.00
2131.42
830.72
1076.98
398.04
1377.61
1930.92
709.35
1903.41
2344.84
0.00
474.90
377.26
2576.46
1249.07
2860.82
0.00
599.83
978.48
0.00
1328.69
1735.13
4124.58
919.77
753.63
1642.30
1219.90
2399.39
764.40
229.99
2031.47
1272.50
1010.80
1910.28
0.00
1152.62
2187.77
280.87
0.00
842.09
527.54
143.24
2059.76
0.00
0.00
1458.94
2649.14
1130.48
0.00
1295.85
0.00
2871.33
920.86
2376.25
1124.52
838.44
3135.22
163.54
0.00
522.08
723.11
534.97
445.83
2700.17
863.03
825.25
305.28
1402.31
58.08
392.34
1477.41
0.00
0.00
218.03
1709.11
3138.71
777.11
364.97
0.00
1532.79
1475.90
0.00
0.00
2206.99
287.91
577.19
0.00
0.00
562.14
568.98
692.61
3186.54
0.00
444.60
2677.92
0.00
0.00
1169.65
2805.66
0.00
0.00
1801.90
936.28
977.55
574.11
1712.38
630.31
1442.20
621.36
0.00
0.00
0.00
1072.58
961.96
0.00
1024.59
1840.66
0.00
2069.59
1132.39
918.30
3068.39
1934.23
615.54
0.00
469.04
3047.13
3075.48
569.57
824.93
2168.00
928.33
833.35
1726.16
278.46
2410.11
0.00
2134.18
1907.77
1823.07
2438.58
554.04
597.25
158.15
3648.18
1709.74
0.00
135.95
737.27
188.95
281.44
28.54
991.04
719.07
0.00
0.00
3983.57
76.95
2344.00
460.24
2575.49
1661.91
0.00
0.00
2964.53
1266.24
1504.15
971.80
2581.86
1373.62
2743.89
1428.03
0.00
0.00
865.16
1491.10
0.00
458.60
448.67
511.65
2069.85
182.05
1821.15
2660.17
143.83
1236.53
1686.80
1265.96
0.00
724.50
872.30
1128.09
375.22
1696.26
1301.53
1671.63
0.00
2020.38
3382.54
0.00
1925.06
1609.15
992.98
658.55
2648.34
614.30
1928.73
701.33
0.00
230.08
519.63
1129.72
1583.69
0.00
1637.86
872.98
759.44
0.00
620.28
0.00
1433.55
400.52
1737.57
938.97
0.00
410.88
737.76
3714.42
2442.65
325.18
1014.52
1069.01
1161.02
1396.27
2167.54
852.60
0.00
0.00
1621.10
0.00
2338.32
870.42
129.75
0.00
2469.67
3578.08
3223.82
2179.77
118.71
1844.73
42.10
0.00
0.00
1616.60
261.95
0.00
2313.78
0.00
3538.29
1232.19
391.34
1422.08
0.00
1531.66
0.00
416.65
1666.68
2055.62
3974.07
1231.06
2510.15
867.46
557.77
231.23
0.00
1952.29
1005.92
1721.91
2803.62
3243.04
2892.82
158.67
0.00
1074.32
2558.10
945.71
472.23
1458.15
1936.06
729.95
946.17
375.73
420.13
0.00
1665.56
0.00
0.00
0.00
672.65
703.19
473.21
869.10
469.85
3400.58
933.08
1997.30
1031.01
624.03
377.88
1228.70
422.97
221.13
417.05
0.00
845.82
0.00
15.72
1878.83
1040.66
0.00
1895.25
2068.13
1279.82
1686.64
99.79
132.96
1595.83
807.12
389.78
2056.53
1816.86
0.00
2818.89
955.27
1897.46
118.54
1068.49
0.00
984.85
