2149.76
628.01
633.77
3392.53
413.63
406.06
1418.03
998.06
865.21
1592.13
2155.90
0.00
0.00
1734.38
2262.12
1060.56
1030.69
0.00
2437.41
1061.65
1164.85
1354.40
1248.86
2721.44
2013.90
819.95
914.99
2583.77
425.15
3141.58
2099.08
0.00
46.58
3347.00
788.02
860.10
1163.41
1610.62
1328.56
3879.52
1489.57
1258.50
1628.27
1230.94
429.81
1533.58
671.77
348.02
1499.44
1807.59
0.00
1870.06
789.56
1679.88
257.77
1922.43
1531.21
1457.23
379.91
951.33
2579.31
564.96
1528.48
1099.76
1254.66
1368.54
0.00
1567.76
807.02
102.67
692.14
1339.94
1743.11
2188.17
0.00
2639.20
2604.77
3498.18
863.37
560.05
199.31
1844.20
854.32
0.00
0.00
1442.25
571.68
1042.93
0.00
478.78
1094.44
112.67
0.00
0.00
3781.22
1995.37
2137.22
0.00
0.00
373.16
1580.19
2741.27
2512.26
0.00
2617.15
1285.55
0.00
1013.02
0.00
1544.75
2375.22
0.00
186.08
982.95
544.56
1888.29
1483.27
1305.58
437.12
572.83
0.00
1686.26
500.15
1073.71
895.28
361.95
1021.62
0.00
197.24
2062.90
436.68
1025.93
295.46
511.56
2173.67
567.27
954.19
1241.71
2779.14
237.25
1460.41
2151.70
775.35
2588.51
388.42
1272.26
663.98
1509.57
0.00
225.87
1150.45
1392.62
0.00
2215.63
1879.56
1681.25
1389.67
1048.51
0.00
89.13
1200.32
1180.47
2034.42
813.43
3088.18
2065.45
1601.88
626.35
1195.87
882.77
1322.35
0.00
2317.50
1164.51
1353.13
1063.74
1481.61
3648.83
0.00
1777.40
0.00
4174.45
0.00
30.36
2616.55
2212.92
1221.80
1628.15
2856.07
204.51
1326.14
949.72
1204.05
1918.10
1101.36
2078.05
633.77
434.86
1222.16
520.32
864.00
392.69
1375.58
274.86
444.51
0.00
1404.18
0.00
1757.94
463.94
0.00
1454.63
0.00
329.06
1413.85
2675.23
2554.21
1330.99
2411.71
633.69
1118.18
25.47
0.00
1811.22
577.67
1010.62
1398.80
1430.75
1284.65
0.00
3753.18
1028.22
1709.56
2343.07
1341.61
1128.67
800.53
3638.11
2042.77
575.19
657.55
1538.57
715.49
596.03
0.00
576.40
0.00
2744.97
0.00
915.18
54.40
693.48
2126.40
355.14
1747.36
2484.60
0.00
0.00
2438.21
1624.48
2334.30
21.18
239.80
2924.19
0.00
1627.27
183.05
846.23
0.00
3012.37
0.00
3026.30
1079.57
340.26
2319.72
1123.23
243.62
527.46
1831.52
155.31
1392.60
970.44
413.36
2901.86
1806.51
2256.55
2748.39
1137.35
432.41
0.00
926.76
890.51
3871.19
27.59
392.55
1086.50
1334.57
0.00
763.55
516.71
1097.93
2967.86
326.01
805.36
1821.81
46.85
0.00
0.00
515.07
504.12
0.00
2140.23
1089.31
481.79
0.00
804.13
1428.30
1610.38
2449.91
945.84
0.00
968.98
802.26
2503.32
887.27
0.00
748.48
1104.53
4509.14
550.17
3367.15
1887.15
1290.60
77.64
1707.22
2073.71
311.94
1658.09
833.22
0.00
495.89
1627.94
0.00
1590.70
0.00
1286.81
532.71
2624.31
1897.47
275.57
3940.82
1374.45
676.53
0.00
0.00
1143.43
426.23
726.55
0.00
650.98
2981.47
362.63
25.27
1098.37
0.00
1532.30
502.73
1182.42
1235.85
913.75
1343.76
0.00
1489.16
727.04
4772.65
562.98
1921.18
594.93
224.24
4605.58
815.02
100.45
459.68
1048.36
3119.23
1990.25
0.00
665.06
3001.03
1952.90
3822.19
3506.08
193.29
1230.23
422.42
781.38
2730.88
136.56
1400.23
1608.02
0.00
705.23
1741.61
0.00
494.89
641.52
1823.71
2269.23
203.51
0.00
342.45
0.00
0.00
873.13
544.56
0.00
1229.09
2211.71
725.57
654.99
0.00
507.28
251.95
653.11
664.87
2460.71
3384.52
1333.10
3444.57
0.00
861.39
2286.20
1108.75
559.82
1161.02
0.00
462.06
3056.49
1157.23
1320.29
1413.35
1920.26
1218.85
1637.42
2686.22
1124.40
0.00
934.07
31.78
0.00
425.86
459.57
1628.47
1952.19
1015.33
1554.18
0.00
914.15
1415.01
1192.86
513.57
1747.98
1137.95
484.83
0.00
764.03
2867.81
863.30
2858.57
0.00
2752.86
265.83
0.00
993.12
2440.15
1862.51
430.27
0.00
0.00
1124.11
1169.85
842.09
1759.97
1183.00
2058.71
186.93
1068.40
0.00
1571.67
0.00
934.01
0.00
481.62
807.99
1608.97
659.49
1393.59
349.59
0.00
607.31
1283.79
2302.60
1564.85
2488.95
1727.84
2784.55
0.00
899.54
680.12
0.00
1590.12
0.00
2218.07
0.00
444.55
2097.28
497.27
50.45
2622.09
0.00
1288.09
2229.73
56.10
1873.35
113.84
1481.84
0.00
0.00
1693.47
572.56
998.68
1823.24
997.72
1428.45
918.23
0.00
646.78
1290.75
1910.21
794.31
0.00
465.29
0.00
0.00
1011.51
0.00
1141.20
731.16
206.01
2246.64
1393.17
0.00
2375.38
288.39
1683.04
1382.79
0.00
0.00
0.00
0.00
204.91
2176.49
605.88
0.00
501.56
461.55
0.00
71.11
339.19
0.00
912.11
810.84
0.00
485.48
957.02
1679.16
2418.64
494.89
231.06
0.00
3574.94
246.53
3567.14
1199.60
0.00
230.72
1112.88
2715.14
0.00
1658.67
529.48
466.30
1985.22
0.00
655.85
582.41
12.26
901.61
1276.10
1284.95
151.60
0.00
0.00
11.47
1429.46
1895.87
1878.32
997.30
899.10
2534.11
3437.62
0.00
2415.85
0.00
431.76
0.00
2061.38
4674.21
344.09
2021.48
2908.83
849.40
0.00
0.00
847.11
2149.67
1559.26
791.57
0.00
1413.39
1485.47
1251.63
1597.44
884.43
5.39
331.11
1285.78
431.47
1386.14
1081.60
426.21
437.80
0.00
743.25
1279.59
0.00
0.00
797.04
1140.41
1327.13
0.00
1398.60
2326.40
533.57
0.00
0.00
953.11
605.29
0.00
0.00
636.23
3650.28
415.96
0.00
4056.82
959.63
0.00
275.41
131.09
0.00
1826.87
0.00
1431.84
1113.97
630.21
1204.97
447.31
0.00
0.00
1490.70
1818.83
2546.04
0.00
906.37
184.57
1155.64
0.00
479.69
0.00
4688.70
373.96
1773.66
1082.21
340.07
869.46
2955.42
0.00
928.53
0.00
1517.97
796.92
0.00
0.00
1281.75
0.00
1084.68
942.98
297.02
0.00
725.54
725.56
0.00
188.70
420.29
851.54
1981.55
583.97
3679.79
0.00
0.00
2013.01
551.77
1521.05
848.38
516.71
4030.68
366.98
428.98
0.00
0.00
168.97
1643.49
0.00
1552.14
1650.13
2629.29
0.00
1694.57
1022.82
1835.92
1469.64
363.60
2949.80
649.67
2385.55
879.70
0.00
0.00
0.00
1363.51
2282.43
1282.42
0.00
2067.56
1142.30
0.00
2296.99
860.37
1538.57
253.32
1105.90
0.00
3660.54
1156.13
632.59
2038.41
1022.68
575.33
1581.48
1376.57
2705.51
0.00
539.73
479.83
3159.79
81.07
2056.36
0.00
254.89
3622.18
0.00
68.16
2043.51
0.00
1220.06
524.34
574.23
501.44
0.00
1794.44
149.63
409.24
1559.46
1875.37
909.35
2294.76
91.65
1490.20
68.58
2383.57
260.31
3267.79
866.54
1299.03
766.45
3482.70
0.00
1526.70
0.00
234.49
511.85
47.39
1588.81
546.04
140.11
1259.53
2726.63
84.83
1543.63
1961.20
0.00
2203.10
658.88
1038.50
4139.98
1675.23
1269.66
2310.31
131.65
465.58
1538.66
601.61
924.66
442.87
1085.43
1268.27
1430.88
2507.48
1986.29
0.00
1912.69
3289.25
2046.18
0.00
1240.72
0.00
0.00
676.56
2903.22
0.00
1204.90
4244.14
2014.28
287.27
581.75
872.19
137.26
989.99
689.62
1041.23
1925.15
1647.96
2490.61
0.00
871.99
1091.26
747.42
1084.54
0.00
490.01
1071.24
976.05
2040.50
0.00
0.00
329.70
1360.96
505.34
1745.25
1669.88
1822.41
3632.57
0.00
0.00
2100.06
1851.86
1806.52
1030.21
0.00
807.09
0.00
69.19
0.00
943.15
15.31
3309.63
3591.79
1378.28
1832.83
0.24
726.74
595.96
735.97
929.15
1462.24
510.27
578.24
1128.83
438.12
897.03
0.00
2545.30
0.00
2007.15
851.58
0.00
670.81
356.55
3877.90
2282.32
0.00
1665.65
1808.32
498.05
1271.15
637.42
262.96
529.09
349.90
1736.60
0.00
1596.14
1016.09
3738.08
0.00
1130.70
1155.76
0.00
3663.46
1010.87
1599.67
554.18
2053.21
2170.69
1165.95
1945.20
0.00
0.00
2394.00
0.00
340.84
99.95
3027.32
2753.88
1788.99
0.00
1310.01
3045.28
0.00
0.00
0.00
304.70
255.92
2830.64
1170.90
778.42
3659.31
0.00
5024.82
1557.61
0.00
0.00
0.00
2577.42
1704.17
0.00
0.00
0.00
0.00
0.00
1948.14
531.87
1365.80
860.55
2859.71
802.84
1696.75
816.80
2662.22
0.00
1095.09
781.14
2737.47
1139.47
2441.66
2639.80
1414.84
0.00
1536.78
1149.60
